<?xml version="1.0" encoding="UTF-8"?>
<testExecutions version="1">
  <file path="/Users/sebastiansilva/node/products-integ-backend/src/__tests__/controllers/promotions.test.js">
    <testCase name="Get products list With empty filters" duration="352"/>
    <testCase name="Get products list With a palindrome word" duration="12"/>
    <testCase name="Get products list Without a palindrome word" duration="10"/>
    <testCase name="Get products list With not results" duration="10"/>
    <testCase name="Get product By palindrome Id " duration="11"/>
    <testCase name="Get product By not palindrome Id" duration="10"/>
    <testCase name="Get product With empty id" duration="8"/>
  </file>
  <file path="/Users/sebastiansilva/node/products-integ-backend/src/__tests__/db/index.test.js">
    <testCase name="DB Test get uri environment dev" duration="131"/>
    <testCase name="DB Test get uri environment test" duration="126"/>
  </file>
  <file path="/Users/sebastiansilva/node/products-integ-backend/src/__tests__/server.test.js">
    <testCase name="Server server run" duration="36"/>
  </file>
  <file path="/Users/sebastiansilva/node/products-integ-backend/src/__tests__/utils.test.js">
    <testCase name="UTILS - isItAId with a number" duration="2"/>
    <testCase name="UTILS - isItAId with a string number" duration="1"/>
    <testCase name="UTILS - isItAId with a string" duration="0"/>
    <testCase name="UTILS - isItAId with a null" duration="1"/>
    <testCase name="UTILS - isItAId with a empty value" duration="1"/>
    <testCase name="UTILS - isItAPalindrome with a palindrome number" duration="0"/>
    <testCase name="UTILS - isItAPalindrome with a not palindrome number" duration="0"/>
    <testCase name="UTILS - isItAPalindrome with a palindrome string" duration="1"/>
    <testCase name="UTILS - isItAPalindrome with a not palindrome string" duration="0"/>
    <testCase name="UTILS - isItAPalindrome with a empty string" duration="1"/>
    <testCase name="UTILS - isItAPalindrome with a empty string" duration="1"/>
  </file>
</testExecutions>